Build started 11/13/2015 10:00:12 PM.
     1>Project "F:\Repositories\TicTacToe\TicTacToe\TicTacToe\TicTacToe.vcxproj" on node 2 (Build target(s)).
     1>ClCompile:
         C:\Program Files\Microsoft Visual Studio 14.0\VC\bin\CL.exe /c /ZI /nologo /W3 /WX- /sdl /Od /Oy- /D WIN32 /D _DEBUG /D _CONSOLE /D _UNICODE /D UNICODE /Gm /EHsc /RTC1 /MDd /GS /fp:precise /Zc:wchar_t /Zc:forScope /Zc:inline /Fo"Debug\\" /Fd"Debug\vc140.pdb" /Gd /TC /analyze- /errorReport:prompt TicTacToe.c
         TicTacToe.c
     1>f:\repositories\tictactoe\tictactoe\tictactoe\tictactoe.c(54): warning C4047: 'function': 'cell **' differs in levels of indirection from 'cell [3][3]'
     1>f:\repositories\tictactoe\tictactoe\tictactoe\tictactoe.c(54): warning C4024: 'Initialize': different types for formal and actual parameter 1
     1>f:\repositories\tictactoe\tictactoe\tictactoe\tictactoe.c(74): warning C4047: 'function': 'cell **' differs in levels of indirection from 'cell [3][3]'
     1>f:\repositories\tictactoe\tictactoe\tictactoe\tictactoe.c(74): warning C4024: 'Display': different types for formal and actual parameter 1
     1>f:\repositories\tictactoe\tictactoe\tictactoe\tictactoe.c(75): warning C4047: 'function': 'cell **' differs in levels of indirection from 'cell [3][3]'
     1>f:\repositories\tictactoe\tictactoe\tictactoe\tictactoe.c(75): warning C4024: 'Input': different types for formal and actual parameter 1
     1>f:\repositories\tictactoe\tictactoe\tictactoe\tictactoe.c(76): warning C4047: 'function': 'cell **' differs in levels of indirection from 'cell [3][3]'
     1>f:\repositories\tictactoe\tictactoe\tictactoe\tictactoe.c(76): warning C4024: 'Display': different types for formal and actual parameter 1
     1>f:\repositories\tictactoe\tictactoe\tictactoe\tictactoe.c(88): warning C4028: formal parameter 1 different from declaration
     1>f:\repositories\tictactoe\tictactoe\tictactoe\tictactoe.c(100): warning C4028: formal parameter 1 different from declaration
     1>f:\repositories\tictactoe\tictactoe\tictactoe\tictactoe.c(111): warning C4013: 'gets' undefined; assuming extern returning int
     1>f:\repositories\tictactoe\tictactoe\tictactoe\tictactoe.c(114): warning C4028: formal parameter 1 different from declaration
     1>f:\repositories\tictactoe\tictactoe\tictactoe\tictactoe.c(150): warning C4028: formal parameter 1 different from declaration
     1>f:\repositories\tictactoe\tictactoe\tictactoe\tictactoe.c(200): warning C4244: 'function': conversion from 'time_t' to 'unsigned int', possible loss of data
       Link:
         C:\Program Files\Microsoft Visual Studio 14.0\VC\bin\link.exe /ERRORREPORT:PROMPT /OUT:"F:\Repositories\TicTacToe\TicTacToe\Debug\TicTacToe.exe" /INCREMENTAL /NOLOGO kernel32.lib user32.lib gdi32.lib winspool.lib comdlg32.lib advapi32.lib shell32.lib ole32.lib oleaut32.lib uuid.lib odbc32.lib odbccp32.lib /MANIFEST /MANIFESTUAC:"level='asInvoker' uiAccess='false'" /manifest:embed /Debug /PDB:"F:\Repositories\TicTacToe\TicTacToe\Debug\TicTacToe.pdb" /SUBSYSTEM:CONSOLE /TLBID:1 /DYNAMICBASE /NXCOMPAT /IMPLIB:"F:\Repositories\TicTacToe\TicTacToe\Debug\TicTacToe.lib" /MACHINE:X86 Debug\TicTacToe.obj
         TicTacToe.vcxproj -> F:\Repositories\TicTacToe\TicTacToe\Debug\TicTacToe.exe
     1>Done Building Project "F:\Repositories\TicTacToe\TicTacToe\TicTacToe\TicTacToe.vcxproj" (Build target(s)).

Build succeeded.

Time Elapsed 00:00:00.97
